Using pre-set license
Built from '2020.3/staging' branch; Version is '2020.3.8f1 (507919d4fff5) revision 5273881'; Using compiler version '192528614'; Build Type 'Release'
OS: 'Windows 10 Home Single Language; OS build 19042.1052; Version 2009; 64bit' Language: 'en' Physical Memory: 16235 MB
BatchMode: 1, IsHumanControllingUs: 0, StartBugReporterOnCrash: 0, Is64bit: 1, IsPro: 0

 COMMAND LINE ARGUMENTS:
C:\Program Files\Unity\Hub\Editor\2020.3.8f1\Editor\Unity.exe
-adb2
-batchMode
-noUpm
-name
AssetImportWorker0
-projectPath
C:/Users/Titan/Desktop/master_ducktective-core_gameplay
-logFile
Logs/AssetImportWorker0.log
-srvPort
63567
Successfully changed project path to: C:/Users/Titan/Desktop/master_ducktective-core_gameplay
C:/Users/Titan/Desktop/master_ducktective-core_gameplay
Using Asset Import Pipeline V2.
Refreshing native plugins compatible for Editor in 37.03 ms, found 0 plugins.
Preloading 0 native plugins for Editor in 0.00 ms.
Initialize engine version: 2020.3.8f1 (507919d4fff5)
[Subsystems] Discovering subsystems at path C:/Program Files/Unity/Hub/Editor/2020.3.8f1/Editor/Data/Resources/UnitySubsystems
[Subsystems] Discovering subsystems at path C:/Users/Titan/Desktop/master_ducktective-core_gameplay/Assets
GfxDevice: creating device client; threaded=0
Direct3D:
    Version:  Direct3D 11.0 [level 11.1]
    Renderer: Intel(R) UHD Graphics 620 (ID=0x3ea0)
    Vendor:   
    VRAM:     8117 MB
    Driver:   27.20.100.8681
Initialize mono
Mono path[0] = 'C:/Program Files/Unity/Hub/Editor/2020.3.8f1/Editor/Data/Managed'
Mono path[1] = 'C:/Program Files/Unity/Hub/Editor/2020.3.8f1/Editor/Data/MonoBleedingEdge/lib/mono/unityjit'
Mono config path = 'C:/Program Files/Unity/Hub/Editor/2020.3.8f1/Editor/Data/MonoBleedingEdge/etc'
Using monoOptions --debugger-agent=transport=dt_socket,embedding=1,server=y,suspend=n,address=127.0.0.1:56524
Begin MonoManager ReloadAssembly
Registering precompiled unity dll's ...
Register platform support module: C:/Program Files/Unity/Hub/Editor/2020.3.8f1/Editor/Data/PlaybackEngines/WindowsStandaloneSupport/UnityEditor.WindowsStandalone.Extensions.dll
Registered in 0.005208 seconds.
Native extension for WindowsStandalone target not found
Refreshing native plugins compatible for Editor in 69.60 ms, found 0 plugins.
Preloading 0 native plugins for Editor in 0.00 ms.
Mono: successfully reloaded assembly
- Completed reload, in  2.630 seconds
Platform modules already initialized, skipping
Registering precompiled user dll's ...
Registered in 0.001660 seconds.
Begin MonoManager ReloadAssembly
Native extension for WindowsStandalone target not found
Refreshing native plugins compatible for Editor in 0.49 ms, found 0 plugins.
Preloading 0 native plugins for Editor in 0.00 ms.
Mono: successfully reloaded assembly
- Completed reload, in  2.400 seconds
Platform modules already initialized, skipping
========================================================================
Worker process is ready to serve import requests
Launched and connected shader compiler UnityShaderCompiler.exe after 0.10 seconds
Refreshing native plugins compatible for Editor in 0.46 ms, found 0 plugins.
Preloading 0 native plugins for Editor in 0.00 ms.
Unloading 1280 Unused Serialized files (Serialized files now loaded: 0)
System memory in use before: 76.2 MB.
System memory in use after: 76.2 MB.

Unloading 11 unused Assets to reduce memory usage. Loaded Objects now: 1744.
Total: 5.667100 ms (FindLiveObjects: 0.285500 ms CreateObjectMapping: 0.089500 ms MarkObjects: 4.924000 ms  DeleteObjects: 0.365000 ms)

========================================================================
Received Import Request.
  path: Assets/ducktective project/Scripts/inimigos/HealthEnemy.cs
  artifactKey: Guid(f450b75971ecbb1439027564c2361509) Importer(815301076,1909f56bfc062723c751e8b465ee728b)
Start importing Assets/ducktective project/Scripts/inimigos/HealthEnemy.cs using Guid(f450b75971ecbb1439027564c2361509) Importer(815301076,1909f56bfc062723c751e8b465ee728b)  -> (artifact id: '8ee7b0623910da4431919489b94d247d') in 0.161427 seconds
  Import took 0.169582 seconds .

========================================================================
Received Prepare
Registering precompiled user dll's ...
Registered in 0.001852 seconds.
Begin MonoManager ReloadAssembly
Native extension for WindowsStandalone target not found
Refreshing native plugins compatible for Editor in 0.52 ms, found 0 plugins.
Preloading 0 native plugins for Editor in 0.00 ms.
Mono: successfully reloaded assembly
- Completed reload, in  2.077 seconds
Platform modules already initialized, skipping
Refreshing native plugins compatible for Editor in 0.65 ms, found 0 plugins.
Preloading 0 native plugins for Editor in 0.00 ms.
Unloading 1273 Unused Serialized files (Serialized files now loaded: 0)
System memory in use before: 75.9 MB.
System memory in use after: 76.0 MB.

Unloading 6 unused Assets to reduce memory usage. Loaded Objects now: 1747.
Total: 3.818300 ms (FindLiveObjects: 0.253500 ms CreateObjectMapping: 0.077900 ms MarkObjects: 3.296600 ms  DeleteObjects: 0.187900 ms)

========================================================================
Received Prepare
Registering precompiled user dll's ...
Registered in 0.002091 seconds.
Begin MonoManager ReloadAssembly
Native extension for WindowsStandalone target not found
Refreshing native plugins compatible for Editor in 0.73 ms, found 0 plugins.
Preloading 0 native plugins for Editor in 0.00 ms.
Mono: successfully reloaded assembly
- Completed reload, in  1.939 seconds
Platform modules already initialized, skipping
Refreshing native plugins compatible for Editor in 0.43 ms, found 0 plugins.
Preloading 0 native plugins for Editor in 0.00 ms.
Unloading 1273 Unused Serialized files (Serialized files now loaded: 0)
System memory in use before: 76.0 MB.
System memory in use after: 76.0 MB.

Unloading 6 unused Assets to reduce memory usage. Loaded Objects now: 1750.
Total: 4.082600 ms (FindLiveObjects: 0.296000 ms CreateObjectMapping: 0.089800 ms MarkObjects: 3.508800 ms  DeleteObjects: 0.185400 ms)

========================================================================
Received Prepare
Registering precompiled user dll's ...
Registered in 0.001269 seconds.
Begin MonoManager ReloadAssembly
Native extension for WindowsStandalone target not found
Refreshing native plugins compatible for Editor in 0.41 ms, found 0 plugins.
Preloading 0 native plugins for Editor in 0.00 ms.
Mono: successfully reloaded assembly
- Completed reload, in  1.706 seconds
Platform modules already initialized, skipping
Refreshing native plugins compatible for Editor in 0.63 ms, found 0 plugins.
Preloading 0 native plugins for Editor in 0.00 ms.
Unloading 1273 Unused Serialized files (Serialized files now loaded: 0)
System memory in use before: 76.0 MB.
System memory in use after: 76.1 MB.

Unloading 6 unused Assets to reduce memory usage. Loaded Objects now: 1753.
Total: 4.982900 ms (FindLiveObjects: 0.336900 ms CreateObjectMapping: 0.106400 ms MarkObjects: 4.308300 ms  DeleteObjects: 0.228600 ms)

========================================================================
Received Import Request.
  Time since last request: 2352.654923 seconds.
  path: Assets/ducktective project/Scripts/inimigos/HealthEnemy.cs
  artifactKey: Guid(f450b75971ecbb1439027564c2361509) Importer(815301076,1909f56bfc062723c751e8b465ee728b)
Start importing Assets/ducktective project/Scripts/inimigos/HealthEnemy.cs using Guid(f450b75971ecbb1439027564c2361509) Importer(815301076,1909f56bfc062723c751e8b465ee728b)  -> (artifact id: '78e930b3b927ab2b7c777ad882f726f8') in 0.015823 seconds
  Import took 0.021572 seconds .

========================================================================
Received Import Request.
  Time since last request: 82.416962 seconds.
  path: ProjectSettings/TagManager.asset
  artifactKey: Guid(00000000000000003000000000000000) Importer(815301076,1909f56bfc062723c751e8b465ee728b)
Start importing ProjectSettings/TagManager.asset using Guid(00000000000000003000000000000000) Importer(815301076,1909f56bfc062723c751e8b465ee728b)  -> (artifact id: '9c160e66e0e7c20eba0c3afc7868789a') in 0.070291 seconds
  Import took 0.078105 seconds .

========================================================================
Received Prepare
Registering precompiled user dll's ...
Registered in 0.001293 seconds.
Begin MonoManager ReloadAssembly
Native extension for WindowsStandalone target not found
Refreshing native plugins compatible for Editor in 0.54 ms, found 0 plugins.
Preloading 0 native plugins for Editor in 0.00 ms.
Mono: successfully reloaded assembly
- Completed reload, in  1.873 seconds
Platform modules already initialized, skipping
Refreshing native plugins compatible for Editor in 0.48 ms, found 0 plugins.
Preloading 0 native plugins for Editor in 0.00 ms.
Unloading 1273 Unused Serialized files (Serialized files now loaded: 0)
System memory in use before: 76.0 MB.
System memory in use after: 76.1 MB.

Unloading 7 unused Assets to reduce memory usage. Loaded Objects now: 1756.
Total: 4.325600 ms (FindLiveObjects: 0.382900 ms CreateObjectMapping: 0.128400 ms MarkObjects: 3.634100 ms  DeleteObjects: 0.177700 ms)

========================================================================
Received Prepare
Registering precompiled user dll's ...
Registered in 0.001793 seconds.
Begin MonoManager ReloadAssembly
Native extension for WindowsStandalone target not found
Refreshing native plugins compatible for Editor in 0.48 ms, found 0 plugins.
Preloading 0 native plugins for Editor in 0.00 ms.
Mono: successfully reloaded assembly
- Completed reload, in  2.699 seconds
Platform modules already initialized, skipping
Refreshing native plugins compatible for Editor in 0.51 ms, found 0 plugins.
Preloading 0 native plugins for Editor in 0.00 ms.
Unloading 1273 Unused Serialized files (Serialized files now loaded: 0)
System memory in use before: 76.0 MB.
System memory in use after: 76.1 MB.

Unloading 6 unused Assets to reduce memory usage. Loaded Objects now: 1759.
Total: 4.449200 ms (FindLiveObjects: 0.296900 ms CreateObjectMapping: 0.090600 ms MarkObjects: 3.873200 ms  DeleteObjects: 0.186100 ms)

========================================================================
Received Prepare
Registering precompiled user dll's ...
Registered in 0.001215 seconds.
Begin MonoManager ReloadAssembly
Native extension for WindowsStandalone target not found
Refreshing native plugins compatible for Editor in 0.73 ms, found 0 plugins.
Preloading 0 native plugins for Editor in 0.00 ms.
Mono: successfully reloaded assembly
- Completed reload, in  2.180 seconds
Platform modules already initialized, skipping
Refreshing native plugins compatible for Editor in 0.71 ms, found 0 plugins.
Preloading 0 native plugins for Editor in 0.00 ms.
Unloading 1273 Unused Serialized files (Serialized files now loaded: 0)
System memory in use before: 76.0 MB.
System memory in use after: 76.1 MB.

Unloading 6 unused Assets to reduce memory usage. Loaded Objects now: 1762.
Total: 5.841600 ms (FindLiveObjects: 0.456900 ms CreateObjectMapping: 0.151300 ms MarkObjects: 4.994400 ms  DeleteObjects: 0.236000 ms)

========================================================================
Received Prepare
Registering precompiled user dll's ...
Registered in 0.001416 seconds.
Begin MonoManager ReloadAssembly
Native extension for WindowsStandalone target not found
Refreshing native plugins compatible for Editor in 0.46 ms, found 0 plugins.
Preloading 0 native plugins for Editor in 0.00 ms.
Mono: successfully reloaded assembly
- Completed reload, in  2.194 seconds
Platform modules already initialized, skipping
Refreshing native plugins compatible for Editor in 0.44 ms, found 0 plugins.
Preloading 0 native plugins for Editor in 0.00 ms.
Unloading 1273 Unused Serialized files (Serialized files now loaded: 0)
System memory in use before: 76.0 MB.
System memory in use after: 76.1 MB.

Unloading 6 unused Assets to reduce memory usage. Loaded Objects now: 1765.
Total: 4.125400 ms (FindLiveObjects: 0.290600 ms CreateObjectMapping: 0.085200 ms MarkObjects: 3.567000 ms  DeleteObjects: 0.180200 ms)

========================================================================
Received Prepare
Registering precompiled user dll's ...
Registered in 0.002137 seconds.
Begin MonoManager ReloadAssembly
Native extension for WindowsStandalone target not found
Refreshing native plugins compatible for Editor in 0.47 ms, found 0 plugins.
Preloading 0 native plugins for Editor in 0.00 ms.
Mono: successfully reloaded assembly
- Completed reload, in  2.334 seconds
Platform modules already initialized, skipping
Refreshing native plugins compatible for Editor in 0.46 ms, found 0 plugins.
Preloading 0 native plugins for Editor in 0.00 ms.
Unloading 1273 Unused Serialized files (Serialized files now loaded: 0)
System memory in use before: 76.0 MB.
System memory in use after: 76.1 MB.

Unloading 6 unused Assets to reduce memory usage. Loaded Objects now: 1768.
Total: 4.346000 ms (FindLiveObjects: 0.275800 ms CreateObjectMapping: 0.083900 ms MarkObjects: 3.810300 ms  DeleteObjects: 0.174200 ms)

========================================================================
Received Prepare
Registering precompiled user dll's ...
Registered in 0.001402 seconds.
Begin MonoManager ReloadAssembly
Native extension for WindowsStandalone target not found
Refreshing native plugins compatible for Editor in 0.43 ms, found 0 plugins.
Preloading 0 native plugins for Editor in 0.00 ms.
Mono: successfully reloaded assembly
- Completed reload, in  1.982 seconds
Platform modules already initialized, skipping
Refreshing native plugins compatible for Editor in 0.62 ms, found 0 plugins.
Preloading 0 native plugins for Editor in 0.00 ms.
Unloading 1273 Unused Serialized files (Serialized files now loaded: 0)
System memory in use before: 76.0 MB.
System memory in use after: 76.1 MB.

Unloading 6 unused Assets to reduce memory usage. Loaded Objects now: 1771.
Total: 4.328300 ms (FindLiveObjects: 0.269900 ms CreateObjectMapping: 0.269700 ms MarkObjects: 3.609800 ms  DeleteObjects: 0.176700 ms)

========================================================================
Received Prepare
Registering precompiled user dll's ...
Registered in 0.001993 seconds.
Begin MonoManager ReloadAssembly
Native extension for WindowsStandalone target not found
Refreshing native plugins compatible for Editor in 0.37 ms, found 0 plugins.
Preloading 0 native plugins for Editor in 0.00 ms.
Mono: successfully reloaded assembly
- Completed reload, in  2.774 seconds
Platform modules already initialized, skipping
Refreshing native plugins compatible for Editor in 0.93 ms, found 0 plugins.
Preloading 0 native plugins for Editor in 0.00 ms.
Unloading 1272 Unused Serialized files (Serialized files now loaded: 0)
System memory in use before: 76.0 MB.
System memory in use after: 76.1 MB.

Unloading 7 unused Assets to reduce memory usage. Loaded Objects now: 1773.
Total: 6.094600 ms (FindLiveObjects: 0.380400 ms CreateObjectMapping: 0.124800 ms MarkObjects: 5.279100 ms  DeleteObjects: 0.305600 ms)

========================================================================
Received Import Request.
  Time since last request: 1007.259412 seconds.
  path: Assets/Scenes/Fase 1.unity
  artifactKey: Guid(28f4fd23f274895449aa7ddfcb6cc39f) Importer(815301076,1909f56bfc062723c751e8b465ee728b)
Start importing Assets/Scenes/Fase 1.unity using Guid(28f4fd23f274895449aa7ddfcb6cc39f) Importer(815301076,1909f56bfc062723c751e8b465ee728b)  -> (artifact id: '825f261e8d3df6c95c0df7946790d78c') in 0.052210 seconds
  Import took 0.061340 seconds .

========================================================================
Received Import Request.
  Time since last request: 108.449411 seconds.
  path: Assets/Scenes/teste.unity
  artifactKey: Guid(fb184e2f9c3ee8042a0350c697e150a1) Importer(815301076,1909f56bfc062723c751e8b465ee728b)
Start importing Assets/Scenes/teste.unity using Guid(fb184e2f9c3ee8042a0350c697e150a1) Importer(815301076,1909f56bfc062723c751e8b465ee728b)  -> (artifact id: 'a011c7123e624e54c761dbd2e8d520b1') in 0.017136 seconds
  Import took 0.020307 seconds .

========================================================================
Received Prepare
Registering precompiled user dll's ...
Registered in 0.000823 seconds.
Begin MonoManager ReloadAssembly
Native extension for WindowsStandalone target not found
Refreshing native plugins compatible for Editor in 0.24 ms, found 0 plugins.
Preloading 0 native plugins for Editor in 0.00 ms.
Mono: successfully reloaded assembly
- Completed reload, in  0.826 seconds
Platform modules already initialized, skipping
Refreshing native plugins compatible for Editor in 0.25 ms, found 0 plugins.
Preloading 0 native plugins for Editor in 0.00 ms.
Unloading 1272 Unused Serialized files (Serialized files now loaded: 0)
System memory in use before: 76.0 MB.
System memory in use after: 76.1 MB.

Unloading 6 unused Assets to reduce memory usage. Loaded Objects now: 1776.
Total: 2.240300 ms (FindLiveObjects: 0.162600 ms CreateObjectMapping: 0.039200 ms MarkObjects: 1.932400 ms  DeleteObjects: 0.105200 ms)

========================================================================
Received Prepare
Registering precompiled user dll's ...
Registered in 0.000794 seconds.
Begin MonoManager ReloadAssembly
Native extension for WindowsStandalone target not found
Refreshing native plugins compatible for Editor in 0.26 ms, found 0 plugins.
Preloading 0 native plugins for Editor in 0.00 ms.
Mono: successfully reloaded assembly
- Completed reload, in  1.011 seconds
Platform modules already initialized, skipping
Refreshing native plugins compatible for Editor in 0.25 ms, found 0 plugins.
Preloading 0 native plugins for Editor in 0.00 ms.
Unloading 1272 Unused Serialized files (Serialized files now loaded: 0)
System memory in use before: 76.1 MB.
System memory in use after: 76.1 MB.

Unloading 6 unused Assets to reduce memory usage. Loaded Objects now: 1779.
Total: 1.992300 ms (FindLiveObjects: 0.145000 ms CreateObjectMapping: 0.038200 ms MarkObjects: 1.632300 ms  DeleteObjects: 0.175700 ms)

========================================================================
Received Prepare
Registering precompiled user dll's ...
Registered in 0.000754 seconds.
Begin MonoManager ReloadAssembly
Native extension for WindowsStandalone target not found
Refreshing native plugins compatible for Editor in 0.25 ms, found 0 plugins.
Preloading 0 native plugins for Editor in 0.00 ms.
Mono: successfully reloaded assembly
- Completed reload, in  0.932 seconds
Platform modules already initialized, skipping
Refreshing native plugins compatible for Editor in 0.38 ms, found 0 plugins.
Preloading 0 native plugins for Editor in 0.00 ms.
Unloading 1272 Unused Serialized files (Serialized files now loaded: 0)
System memory in use before: 76.1 MB.
System memory in use after: 76.1 MB.

Unloading 6 unused Assets to reduce memory usage. Loaded Objects now: 1782.
Total: 3.825600 ms (FindLiveObjects: 0.386000 ms CreateObjectMapping: 0.082900 ms MarkObjects: 3.186400 ms  DeleteObjects: 0.166200 ms)

========================================================================
Received Prepare
Registering precompiled user dll's ...
Registered in 0.001571 seconds.
Begin MonoManager ReloadAssembly
Native extension for WindowsStandalone target not found
Refreshing native plugins compatible for Editor in 0.27 ms, found 0 plugins.
Preloading 0 native plugins for Editor in 0.00 ms.
Mono: successfully reloaded assembly
- Completed reload, in  1.308 seconds
Platform modules already initialized, skipping
Refreshing native plugins compatible for Editor in 0.26 ms, found 0 plugins.
Preloading 0 native plugins for Editor in 0.00 ms.
Unloading 1272 Unused Serialized files (Serialized files now loaded: 0)
System memory in use before: 76.1 MB.
System memory in use after: 76.1 MB.

Unloading 6 unused Assets to reduce memory usage. Loaded Objects now: 1785.
Total: 2.290500 ms (FindLiveObjects: 0.168200 ms CreateObjectMapping: 0.038600 ms MarkObjects: 1.960000 ms  DeleteObjects: 0.122300 ms)

========================================================================
Received Prepare
Registering precompiled user dll's ...
Registered in 0.000824 seconds.
Begin MonoManager ReloadAssembly
Native extension for WindowsStandalone target not found
Refreshing native plugins compatible for Editor in 0.29 ms, found 0 plugins.
Preloading 0 native plugins for Editor in 0.00 ms.
Mono: successfully reloaded assembly
- Completed reload, in  0.988 seconds
Platform modules already initialized, skipping
Refreshing native plugins compatible for Editor in 0.26 ms, found 0 plugins.
Preloading 0 native plugins for Editor in 0.00 ms.
Unloading 1272 Unused Serialized files (Serialized files now loaded: 0)
System memory in use before: 76.1 MB.
System memory in use after: 76.1 MB.

Unloading 6 unused Assets to reduce memory usage. Loaded Objects now: 1788.
Total: 1.882800 ms (FindLiveObjects: 0.160700 ms CreateObjectMapping: 0.042500 ms MarkObjects: 1.593600 ms  DeleteObjects: 0.084700 ms)

========================================================================
Received Prepare
Registering precompiled user dll's ...
Registered in 0.000971 seconds.
Begin MonoManager ReloadAssembly
Native extension for WindowsStandalone target not found
Refreshing native plugins compatible for Editor in 0.27 ms, found 0 plugins.
Preloading 0 native plugins for Editor in 0.00 ms.
Mono: successfully reloaded assembly
- Completed reload, in  1.013 seconds
Platform modules already initialized, skipping
Refreshing native plugins compatible for Editor in 0.25 ms, found 0 plugins.
Preloading 0 native plugins for Editor in 0.00 ms.
Unloading 1272 Unused Serialized files (Serialized files now loaded: 0)
System memory in use before: 76.1 MB.
System memory in use after: 76.1 MB.

Unloading 6 unused Assets to reduce memory usage. Loaded Objects now: 1791.
Total: 2.171200 ms (FindLiveObjects: 0.159800 ms CreateObjectMapping: 0.038500 ms MarkObjects: 1.852100 ms  DeleteObjects: 0.119900 ms)

========================================================================
Received Prepare
Registering precompiled user dll's ...
Registered in 0.000919 seconds.
Begin MonoManager ReloadAssembly
Native extension for WindowsStandalone target not found
Refreshing native plugins compatible for Editor in 0.32 ms, found 0 plugins.
Preloading 0 native plugins for Editor in 0.00 ms.
Mono: successfully reloaded assembly
- Completed reload, in  0.958 seconds
Platform modules already initialized, skipping
Refreshing native plugins compatible for Editor in 0.31 ms, found 0 plugins.
Preloading 0 native plugins for Editor in 0.00 ms.
Unloading 1272 Unused Serialized files (Serialized files now loaded: 0)
System memory in use before: 76.1 MB.
System memory in use after: 76.1 MB.

Unloading 6 unused Assets to reduce memory usage. Loaded Objects now: 1794.
Total: 2.132700 ms (FindLiveObjects: 0.164900 ms CreateObjectMapping: 0.039600 ms MarkObjects: 1.806600 ms  DeleteObjects: 0.120700 ms)

========================================================================
Received Prepare
Registering precompiled user dll's ...
Registered in 0.000974 seconds.
Begin MonoManager ReloadAssembly
Native extension for WindowsStandalone target not found
Refreshing native plugins compatible for Editor in 0.30 ms, found 0 plugins.
Preloading 0 native plugins for Editor in 0.00 ms.
Mono: successfully reloaded assembly
- Completed reload, in  0.925 seconds
Platform modules already initialized, skipping
Refreshing native plugins compatible for Editor in 0.22 ms, found 0 plugins.
Preloading 0 native plugins for Editor in 0.00 ms.
Unloading 1272 Unused Serialized files (Serialized files now loaded: 0)
System memory in use before: 76.1 MB.
System memory in use after: 76.2 MB.

Unloading 6 unused Assets to reduce memory usage. Loaded Objects now: 1797.
Total: 2.419100 ms (FindLiveObjects: 0.157300 ms CreateObjectMapping: 0.055700 ms MarkObjects: 2.076100 ms  DeleteObjects: 0.128900 ms)

========================================================================
Received Prepare
Registering precompiled user dll's ...
Registered in 0.000851 seconds.
Begin MonoManager ReloadAssembly
Native extension for WindowsStandalone target not found
Refreshing native plugins compatible for Editor in 0.29 ms, found 0 plugins.
Preloading 0 native plugins for Editor in 0.00 ms.
Mono: successfully reloaded assembly
- Completed reload, in  0.889 seconds
Platform modules already initialized, skipping
Refreshing native plugins compatible for Editor in 0.25 ms, found 0 plugins.
Preloading 0 native plugins for Editor in 0.00 ms.
Unloading 1272 Unused Serialized files (Serialized files now loaded: 0)
System memory in use before: 76.1 MB.
System memory in use after: 76.2 MB.

Unloading 6 unused Assets to reduce memory usage. Loaded Objects now: 1800.
Total: 1.944400 ms (FindLiveObjects: 0.152200 ms CreateObjectMapping: 0.040600 ms MarkObjects: 1.657400 ms  DeleteObjects: 0.093400 ms)

========================================================================
Received Prepare
Registering precompiled user dll's ...
Registered in 0.000995 seconds.
Begin MonoManager ReloadAssembly
Native extension for WindowsStandalone target not found
Refreshing native plugins compatible for Editor in 0.35 ms, found 0 plugins.
Preloading 0 native plugins for Editor in 0.00 ms.
Mono: successfully reloaded assembly
- Completed reload, in  1.534 seconds
Platform modules already initialized, skipping
Refreshing native plugins compatible for Editor in 0.25 ms, found 0 plugins.
Preloading 0 native plugins for Editor in 0.00 ms.
Unloading 1272 Unused Serialized files (Serialized files now loaded: 0)
System memory in use before: 76.1 MB.
System memory in use after: 76.2 MB.

Unloading 6 unused Assets to reduce memory usage. Loaded Objects now: 1803.
Total: 2.314000 ms (FindLiveObjects: 0.169700 ms CreateObjectMapping: 0.045300 ms MarkObjects: 1.997800 ms  DeleteObjects: 0.100500 ms)

========================================================================
Received Prepare
Registering precompiled user dll's ...
Registered in 0.001140 seconds.
Begin MonoManager ReloadAssembly
Native extension for WindowsStandalone target not found
Refreshing native plugins compatible for Editor in 0.36 ms, found 0 plugins.
Preloading 0 native plugins for Editor in 0.00 ms.
Mono: successfully reloaded assembly
- Completed reload, in  0.972 seconds
Platform modules already initialized, skipping
Refreshing native plugins compatible for Editor in 0.22 ms, found 0 plugins.
Preloading 0 native plugins for Editor in 0.00 ms.
Unloading 1272 Unused Serialized files (Serialized files now loaded: 0)
System memory in use before: 76.1 MB.
System memory in use after: 76.2 MB.

Unloading 6 unused Assets to reduce memory usage. Loaded Objects now: 1806.
Total: 2.124000 ms (FindLiveObjects: 0.132200 ms CreateObjectMapping: 0.038700 ms MarkObjects: 1.790100 ms  DeleteObjects: 0.162100 ms)

========================================================================
Received Prepare
Registering precompiled user dll's ...
Registered in 0.001983 seconds.
Begin MonoManager ReloadAssembly
Native extension for WindowsStandalone target not found
Refreshing native plugins compatible for Editor in 0.51 ms, found 0 plugins.
Preloading 0 native plugins for Editor in 0.00 ms.
Mono: successfully reloaded assembly
- Completed reload, in  1.364 seconds
Platform modules already initialized, skipping
Refreshing native plugins compatible for Editor in 0.25 ms, found 0 plugins.
Preloading 0 native plugins for Editor in 0.00 ms.
Unloading 1272 Unused Serialized files (Serialized files now loaded: 0)
System memory in use before: 76.1 MB.
System memory in use after: 76.2 MB.

Unloading 6 unused Assets to reduce memory usage. Loaded Objects now: 1809.
Total: 2.584000 ms (FindLiveObjects: 0.242800 ms CreateObjectMapping: 0.081100 ms MarkObjects: 2.168000 ms  DeleteObjects: 0.090800 ms)

========================================================================
Received Prepare
Registering precompiled user dll's ...
Registered in 0.000854 seconds.
Begin MonoManager ReloadAssembly
Native extension for WindowsStandalone target not found
Refreshing native plugins compatible for Editor in 0.24 ms, found 0 plugins.
Preloading 0 native plugins for Editor in 0.00 ms.
Mono: successfully reloaded assembly
- Completed reload, in  1.043 seconds
Platform modules already initialized, skipping
Refreshing native plugins compatible for Editor in 0.62 ms, found 0 plugins.
Preloading 0 native plugins for Editor in 0.00 ms.
Unloading 1272 Unused Serialized files (Serialized files now loaded: 0)
System memory in use before: 76.1 MB.
System memory in use after: 76.2 MB.

Unloading 6 unused Assets to reduce memory usage. Loaded Objects now: 1812.
Total: 7.674500 ms (FindLiveObjects: 1.239100 ms CreateObjectMapping: 1.039400 ms MarkObjects: 5.266700 ms  DeleteObjects: 0.125500 ms)

========================================================================
Received Prepare
Registering precompiled user dll's ...
Registered in 0.000897 seconds.
Begin MonoManager ReloadAssembly
Native extension for WindowsStandalone target not found
Refreshing native plugins compatible for Editor in 0.33 ms, found 0 plugins.
Preloading 0 native plugins for Editor in 0.00 ms.
Mono: successfully reloaded assembly
- Completed reload, in  1.130 seconds
Platform modules already initialized, skipping
Refreshing native plugins compatible for Editor in 0.22 ms, found 0 plugins.
Preloading 0 native plugins for Editor in 0.00 ms.
Unloading 1272 Unused Serialized files (Serialized files now loaded: 0)
System memory in use before: 76.1 MB.
System memory in use after: 76.2 MB.

Unloading 6 unused Assets to reduce memory usage. Loaded Objects now: 1815.
Total: 2.177000 ms (FindLiveObjects: 0.164400 ms CreateObjectMapping: 0.038800 ms MarkObjects: 1.894300 ms  DeleteObjects: 0.078300 ms)

========================================================================
Received Prepare
Registering precompiled user dll's ...
Registered in 0.001975 seconds.
Begin MonoManager ReloadAssembly
Native extension for WindowsStandalone target not found
Refreshing native plugins compatible for Editor in 0.69 ms, found 0 plugins.
Preloading 0 native plugins for Editor in 0.00 ms.
Mono: successfully reloaded assembly
- Completed reload, in  3.996 seconds
Platform modules already initialized, skipping
Refreshing native plugins compatible for Editor in 0.25 ms, found 0 plugins.
Preloading 0 native plugins for Editor in 0.00 ms.
Unloading 1272 Unused Serialized files (Serialized files now loaded: 0)
System memory in use before: 76.1 MB.
System memory in use after: 76.2 MB.

Unloading 6 unused Assets to reduce memory usage. Loaded Objects now: 1818.
Total: 2.303800 ms (FindLiveObjects: 0.167200 ms CreateObjectMapping: 0.041600 ms MarkObjects: 1.959300 ms  DeleteObjects: 0.134800 ms)

========================================================================
Received Prepare
Registering precompiled user dll's ...
Registered in 0.000770 seconds.
Begin MonoManager ReloadAssembly
Native extension for WindowsStandalone target not found
Refreshing native plugins compatible for Editor in 0.21 ms, found 0 plugins.
Preloading 0 native plugins for Editor in 0.00 ms.
Mono: successfully reloaded assembly
- Completed reload, in  0.881 seconds
Platform modules already initialized, skipping
Refreshing native plugins compatible for Editor in 0.24 ms, found 0 plugins.
Preloading 0 native plugins for Editor in 0.00 ms.
Unloading 1272 Unused Serialized files (Serialized files now loaded: 0)
System memory in use before: 76.1 MB.
System memory in use after: 76.2 MB.

Unloading 6 unused Assets to reduce memory usage. Loaded Objects now: 1821.
Total: 2.121200 ms (FindLiveObjects: 0.160900 ms CreateObjectMapping: 0.044100 ms MarkObjects: 1.827300 ms  DeleteObjects: 0.087800 ms)

========================================================================
Received Prepare
Registering precompiled user dll's ...
Registered in 0.000770 seconds.
Begin MonoManager ReloadAssembly
Native extension for WindowsStandalone target not found
Refreshing native plugins compatible for Editor in 0.26 ms, found 0 plugins.
Preloading 0 native plugins for Editor in 0.00 ms.
Mono: successfully reloaded assembly
- Completed reload, in  0.946 seconds
Platform modules already initialized, skipping
Refreshing native plugins compatible for Editor in 0.25 ms, found 0 plugins.
Preloading 0 native plugins for Editor in 0.00 ms.
Unloading 1272 Unused Serialized files (Serialized files now loaded: 0)
System memory in use before: 76.1 MB.
System memory in use after: 76.2 MB.

Unloading 6 unused Assets to reduce memory usage. Loaded Objects now: 1824.
Total: 2.103900 ms (FindLiveObjects: 0.177800 ms CreateObjectMapping: 0.044000 ms MarkObjects: 1.772400 ms  DeleteObjects: 0.108000 ms)

========================================================================
Received Prepare
Registering precompiled user dll's ...
Registered in 0.000758 seconds.
Begin MonoManager ReloadAssembly
Native extension for WindowsStandalone target not found
Refreshing native plugins compatible for Editor in 0.41 ms, found 0 plugins.
Preloading 0 native plugins for Editor in 0.00 ms.
Mono: successfully reloaded assembly
- Completed reload, in  1.021 seconds
Platform modules already initialized, skipping
Refreshing native plugins compatible for Editor in 0.32 ms, found 0 plugins.
Preloading 0 native plugins for Editor in 0.00 ms.
Unloading 1272 Unused Serialized files (Serialized files now loaded: 0)
System memory in use before: 76.1 MB.
System memory in use after: 76.2 MB.

Unloading 6 unused Assets to reduce memory usage. Loaded Objects now: 1827.
Total: 3.480800 ms (FindLiveObjects: 0.254000 ms CreateObjectMapping: 0.077300 ms MarkObjects: 3.036800 ms  DeleteObjects: 0.110800 ms)

========================================================================
Received Prepare
Registering precompiled user dll's ...
Registered in 0.000863 seconds.
Begin MonoManager ReloadAssembly
Native extension for WindowsStandalone target not found
Refreshing native plugins compatible for Editor in 0.47 ms, found 0 plugins.
Preloading 0 native plugins for Editor in 0.00 ms.
Mono: successfully reloaded assembly
- Completed reload, in  0.968 seconds
Platform modules already initialized, skipping
Refreshing native plugins compatible for Editor in 0.29 ms, found 0 plugins.
Preloading 0 native plugins for Editor in 0.00 ms.
Unloading 1272 Unused Serialized files (Serialized files now loaded: 0)
System memory in use before: 76.1 MB.
System memory in use after: 76.2 MB.

Unloading 6 unused Assets to reduce memory usage. Loaded Objects now: 1830.
Total: 2.924500 ms (FindLiveObjects: 0.226200 ms CreateObjectMapping: 0.079300 ms MarkObjects: 2.506700 ms  DeleteObjects: 0.109700 ms)

========================================================================
Received Prepare
Registering precompiled user dll's ...
Registered in 0.000785 seconds.
Begin MonoManager ReloadAssembly
Native extension for WindowsStandalone target not found
Refreshing native plugins compatible for Editor in 0.26 ms, found 0 plugins.
Preloading 0 native plugins for Editor in 0.00 ms.
Mono: successfully reloaded assembly
- Completed reload, in  0.974 seconds
Platform modules already initialized, skipping
Refreshing native plugins compatible for Editor in 0.29 ms, found 0 plugins.
Preloading 0 native plugins for Editor in 0.00 ms.
Unloading 1272 Unused Serialized files (Serialized files now loaded: 0)
System memory in use before: 76.1 MB.
System memory in use after: 76.2 MB.

Unloading 6 unused Assets to reduce memory usage. Loaded Objects now: 1833.
Total: 2.138000 ms (FindLiveObjects: 0.179500 ms CreateObjectMapping: 0.038700 ms MarkObjects: 1.783000 ms  DeleteObjects: 0.135900 ms)

========================================================================
Received Import Request.
  Time since last request: 11317.432740 seconds.
  path: Assets/ducktective project/Scripts/inimigos/BossSpinsANDDIES.cs
  artifactKey: Guid(733d7958ab853604688d97d1052166f4) Importer(815301076,1909f56bfc062723c751e8b465ee728b)
Start importing Assets/ducktective project/Scripts/inimigos/BossSpinsANDDIES.cs using Guid(733d7958ab853604688d97d1052166f4) Importer(815301076,1909f56bfc062723c751e8b465ee728b)  -> (artifact id: '067203ffeaa8a570d915c27f733d405c') in 0.015302 seconds
  Import took 0.019018 seconds .

========================================================================
Received Prepare
Registering precompiled user dll's ...
Registered in 0.000870 seconds.
Begin MonoManager ReloadAssembly
Native extension for WindowsStandalone target not found
Refreshing native plugins compatible for Editor in 0.31 ms, found 0 plugins.
Preloading 0 native plugins for Editor in 0.00 ms.
Mono: successfully reloaded assembly
- Completed reload, in  0.867 seconds
Platform modules already initialized, skipping
Refreshing native plugins compatible for Editor in 0.22 ms, found 0 plugins.
Preloading 0 native plugins for Editor in 0.00 ms.
Unloading 1273 Unused Serialized files (Serialized files now loaded: 0)
System memory in use before: 76.2 MB.
System memory in use after: 76.2 MB.

Unloading 6 unused Assets to reduce memory usage. Loaded Objects now: 1837.
Total: 1.905300 ms (FindLiveObjects: 0.151700 ms CreateObjectMapping: 0.033900 ms MarkObjects: 1.604200 ms  DeleteObjects: 0.114600 ms)

========================================================================
Received Import Request.
  Time since last request: 341.042389 seconds.
  path: Assets/ducktective project/Scripts/inimigos/HealthEnemy.cs
  artifactKey: Guid(f450b75971ecbb1439027564c2361509) Importer(815301076,1909f56bfc062723c751e8b465ee728b)
Start importing Assets/ducktective project/Scripts/inimigos/HealthEnemy.cs using Guid(f450b75971ecbb1439027564c2361509) Importer(815301076,1909f56bfc062723c751e8b465ee728b)  -> (artifact id: '866399436b429617eb0aa551e43252b2') in 0.013354 seconds
  Import took 0.016324 seconds .

========================================================================
Received Import Request.
  Time since last request: 0.757441 seconds.
  path: Assets/ducktective project/Scripts/inimigos/IAPatrulhador.cs
  artifactKey: Guid(ef7adb5b96176304db4bedad087c1d1a) Importer(815301076,1909f56bfc062723c751e8b465ee728b)
Start importing Assets/ducktective project/Scripts/inimigos/IAPatrulhador.cs using Guid(ef7adb5b96176304db4bedad087c1d1a) Importer(815301076,1909f56bfc062723c751e8b465ee728b)  -> (artifact id: '844756406d171b14522f46d83f2121fc') in 0.008953 seconds
  Import took 0.011898 seconds .

========================================================================
Received Prepare
Registering precompiled user dll's ...
Registered in 0.000776 seconds.
Begin MonoManager ReloadAssembly
Native extension for WindowsStandalone target not found
Refreshing native plugins compatible for Editor in 0.27 ms, found 0 plugins.
Preloading 0 native plugins for Editor in 0.00 ms.
Mono: successfully reloaded assembly
- Completed reload, in  0.941 seconds
Platform modules already initialized, skipping
Refreshing native plugins compatible for Editor in 0.24 ms, found 0 plugins.
Preloading 0 native plugins for Editor in 0.00 ms.
Unloading 1273 Unused Serialized files (Serialized files now loaded: 0)
System memory in use before: 76.2 MB.
System memory in use after: 76.3 MB.

Unloading 6 unused Assets to reduce memory usage. Loaded Objects now: 1840.
Total: 2.134600 ms (FindLiveObjects: 0.152700 ms CreateObjectMapping: 0.040500 ms MarkObjects: 1.836700 ms  DeleteObjects: 0.103900 ms)

========================================================================
Received Prepare
Registering precompiled user dll's ...
Registered in 0.000921 seconds.
Begin MonoManager ReloadAssembly
Native extension for WindowsStandalone target not found
Refreshing native plugins compatible for Editor in 0.34 ms, found 0 plugins.
Preloading 0 native plugins for Editor in 0.00 ms.
Mono: successfully reloaded assembly
- Completed reload, in  1.527 seconds
Platform modules already initialized, skipping
Refreshing native plugins compatible for Editor in 0.31 ms, found 0 plugins.
Preloading 0 native plugins for Editor in 0.00 ms.
Unloading 1273 Unused Serialized files (Serialized files now loaded: 0)
System memory in use before: 76.2 MB.
System memory in use after: 76.3 MB.

Unloading 6 unused Assets to reduce memory usage. Loaded Objects now: 1843.
Total: 3.530500 ms (FindLiveObjects: 0.231700 ms CreateObjectMapping: 0.076300 ms MarkObjects: 2.968900 ms  DeleteObjects: 0.251300 ms)

========================================================================
Received Prepare
Registering precompiled user dll's ...
Registered in 0.000919 seconds.
Begin MonoManager ReloadAssembly
Native extension for WindowsStandalone target not found
Refreshing native plugins compatible for Editor in 0.27 ms, found 0 plugins.
Preloading 0 native plugins for Editor in 0.00 ms.
Mono: successfully reloaded assembly
- Completed reload, in  0.942 seconds
Platform modules already initialized, skipping
Refreshing native plugins compatible for Editor in 0.25 ms, found 0 plugins.
Preloading 0 native plugins for Editor in 0.00 ms.
Unloading 1273 Unused Serialized files (Serialized files now loaded: 0)
System memory in use before: 76.2 MB.
System memory in use after: 76.3 MB.

Unloading 6 unused Assets to reduce memory usage. Loaded Objects now: 1846.
Total: 2.589000 ms (FindLiveObjects: 0.205600 ms CreateObjectMapping: 0.042400 ms MarkObjects: 2.257600 ms  DeleteObjects: 0.081800 ms)

========================================================================
Received Prepare
Registering precompiled user dll's ...
Registered in 0.001533 seconds.
Begin MonoManager ReloadAssembly
Native extension for WindowsStandalone target not found
Refreshing native plugins compatible for Editor in 0.24 ms, found 0 plugins.
Preloading 0 native plugins for Editor in 0.00 ms.
Mono: successfully reloaded assembly
- Completed reload, in  1.013 seconds
Platform modules already initialized, skipping
Refreshing native plugins compatible for Editor in 0.23 ms, found 0 plugins.
Preloading 0 native plugins for Editor in 0.00 ms.
Unloading 1273 Unused Serialized files (Serialized files now loaded: 0)
System memory in use before: 76.2 MB.
System memory in use after: 76.3 MB.

Unloading 6 unused Assets to reduce memory usage. Loaded Objects now: 1849.
Total: 2.123700 ms (FindLiveObjects: 0.150300 ms CreateObjectMapping: 0.035000 ms MarkObjects: 1.861100 ms  DeleteObjects: 0.076400 ms)

========================================================================
Received Prepare
Registering precompiled user dll's ...
Registered in 0.000997 seconds.
Begin MonoManager ReloadAssembly
Native extension for WindowsStandalone target not found
Refreshing native plugins compatible for Editor in 0.47 ms, found 0 plugins.
Preloading 0 native plugins for Editor in 0.00 ms.
Mono: successfully reloaded assembly
- Completed reload, in  0.960 seconds
Platform modules already initialized, skipping
Refreshing native plugins compatible for Editor in 0.36 ms, found 0 plugins.
Preloading 0 native plugins for Editor in 0.00 ms.
Unloading 1273 Unused Serialized files (Serialized files now loaded: 0)
System memory in use before: 76.2 MB.
System memory in use after: 76.3 MB.

Unloading 6 unused Assets to reduce memory usage. Loaded Objects now: 1852.
Total: 2.799600 ms (FindLiveObjects: 0.253300 ms CreateObjectMapping: 0.055800 ms MarkObjects: 2.314500 ms  DeleteObjects: 0.172600 ms)

========================================================================
Received Prepare
Registering precompiled user dll's ...
Registered in 0.002255 seconds.
Begin MonoManager ReloadAssembly
Native extension for WindowsStandalone target not found
Refreshing native plugins compatible for Editor in 0.36 ms, found 0 plugins.
Preloading 0 native plugins for Editor in 0.00 ms.
Mono: successfully reloaded assembly
- Completed reload, in  1.618 seconds
Platform modules already initialized, skipping
Refreshing native plugins compatible for Editor in 0.55 ms, found 0 plugins.
Preloading 0 native plugins for Editor in 0.00 ms.
Unloading 1273 Unused Serialized files (Serialized files now loaded: 0)
System memory in use before: 76.2 MB.
System memory in use after: 76.3 MB.

Unloading 6 unused Assets to reduce memory usage. Loaded Objects now: 1855.
Total: 3.215300 ms (FindLiveObjects: 0.376900 ms CreateObjectMapping: 0.110300 ms MarkObjects: 2.590500 ms  DeleteObjects: 0.134900 ms)

========================================================================
Received Prepare
Registering precompiled user dll's ...
Registered in 0.001844 seconds.
Begin MonoManager ReloadAssembly
Native extension for WindowsStandalone target not found
Refreshing native plugins compatible for Editor in 0.25 ms, found 0 plugins.
Preloading 0 native plugins for Editor in 0.00 ms.
Mono: successfully reloaded assembly
- Completed reload, in  0.924 seconds
Platform modules already initialized, skipping
Refreshing native plugins compatible for Editor in 0.27 ms, found 0 plugins.
Preloading 0 native plugins for Editor in 0.00 ms.
Unloading 1273 Unused Serialized files (Serialized files now loaded: 0)
System memory in use before: 76.2 MB.
System memory in use after: 76.3 MB.

Unloading 6 unused Assets to reduce memory usage. Loaded Objects now: 1858.
Total: 2.193500 ms (FindLiveObjects: 0.187900 ms CreateObjectMapping: 0.070600 ms MarkObjects: 1.846900 ms  DeleteObjects: 0.087000 ms)

========================================================================
Received Prepare
Registering precompiled user dll's ...
Registered in 0.001109 seconds.
Begin MonoManager ReloadAssembly
Native extension for WindowsStandalone target not found
Refreshing native plugins compatible for Editor in 0.25 ms, found 0 plugins.
Preloading 0 native plugins for Editor in 0.00 ms.
Mono: successfully reloaded assembly
- Completed reload, in  0.988 seconds
Platform modules already initialized, skipping
Refreshing native plugins compatible for Editor in 0.23 ms, found 0 plugins.
Preloading 0 native plugins for Editor in 0.00 ms.
Unloading 1273 Unused Serialized files (Serialized files now loaded: 0)
System memory in use before: 76.2 MB.
System memory in use after: 76.3 MB.

Unloading 6 unused Assets to reduce memory usage. Loaded Objects now: 1861.
Total: 1.992200 ms (FindLiveObjects: 0.143700 ms CreateObjectMapping: 0.040200 ms MarkObjects: 1.655200 ms  DeleteObjects: 0.151700 ms)

========================================================================
Received Prepare
Registering precompiled user dll's ...
Registered in 0.000956 seconds.
Begin MonoManager ReloadAssembly
Native extension for WindowsStandalone target not found
Refreshing native plugins compatible for Editor in 0.23 ms, found 0 plugins.
Preloading 0 native plugins for Editor in 0.00 ms.
Mono: successfully reloaded assembly
- Completed reload, in  0.949 seconds
Platform modules already initialized, skipping
Refreshing native plugins compatible for Editor in 0.25 ms, found 0 plugins.
Preloading 0 native plugins for Editor in 0.00 ms.
Unloading 1273 Unused Serialized files (Serialized files now loaded: 0)
System memory in use before: 76.2 MB.
System memory in use after: 76.3 MB.

Unloading 6 unused Assets to reduce memory usage. Loaded Objects now: 1864.
Total: 2.356700 ms (FindLiveObjects: 0.228000 ms CreateObjectMapping: 0.039900 ms MarkObjects: 1.991300 ms  DeleteObjects: 0.096400 ms)

========================================================================
Received Import Request.
  Time since last request: 7475.853578 seconds.
  path: ProjectSettings/TagManager.asset
  artifactKey: Guid(00000000000000003000000000000000) Importer(815301076,1909f56bfc062723c751e8b465ee728b)
Start importing ProjectSettings/TagManager.asset using Guid(00000000000000003000000000000000) Importer(815301076,1909f56bfc062723c751e8b465ee728b)  -> (artifact id: '3889926c8af85d414370fc271d92d99f') in 0.038345 seconds
  Import took 0.041478 seconds .

========================================================================
Received Import Request.
  Time since last request: 76.420137 seconds.
  path: Assets/ducktective project/prefabs/BulletEnemy 1.prefab
  artifactKey: Guid(e43c31815a9a18442a086d47ddd37976) Importer(815301076,1909f56bfc062723c751e8b465ee728b)
Start importing Assets/ducktective project/prefabs/BulletEnemy 1.prefab using Guid(e43c31815a9a18442a086d47ddd37976) Importer(815301076,1909f56bfc062723c751e8b465ee728b)  -> (artifact id: '8b6e3798eb3c52cf2c97572802e8725b') in 1.129484 seconds
  Import took 1.132753 seconds .

========================================================================
Received Import Request.
  Time since last request: 0.000400 seconds.
  path: Assets/ducktective project/prefabs/Player.prefab
  artifactKey: Guid(1f550f33ef938464e8be2dd766d61728) Importer(815301076,1909f56bfc062723c751e8b465ee728b)
Start importing Assets/ducktective project/prefabs/Player.prefab using Guid(1f550f33ef938464e8be2dd766d61728) Importer(815301076,1909f56bfc062723c751e8b465ee728b)  -> (artifact id: 'ee5f39f9973e43d52f6b6d4f43e1a8fe') in 0.021753 seconds
  Import took 0.024084 seconds .

========================================================================
Received Import Request.
  Time since last request: 0.000303 seconds.
  path: Assets/ducktective project/prefabs/Inimigo GUN.prefab
  artifactKey: Guid(040472f5c90862a4284407e47e82cb7d) Importer(815301076,1909f56bfc062723c751e8b465ee728b)
Start importing Assets/ducktective project/prefabs/Inimigo GUN.prefab using Guid(040472f5c90862a4284407e47e82cb7d) Importer(815301076,1909f56bfc062723c751e8b465ee728b)  -> (artifact id: 'e05fbcb65d69be2538ca234f280d6125') in 0.020202 seconds
  Import took 0.023457 seconds .

========================================================================
Received Import Request.
  Time since last request: 0.016448 seconds.
  path: Assets/ducktective project/prefabs/BulletEnemy 1.prefab
  artifactKey: Guid(e43c31815a9a18442a086d47ddd37976) Importer(815301076,1909f56bfc062723c751e8b465ee728b)
Start importing Assets/ducktective project/prefabs/BulletEnemy 1.prefab using Guid(e43c31815a9a18442a086d47ddd37976) Importer(815301076,1909f56bfc062723c751e8b465ee728b)  -> (artifact id: '8b6e3798eb3c52cf2c97572802e8725b') in 0.011397 seconds
  Import took 0.016078 seconds .

========================================================================
Received Import Request.
  Time since last request: 7.384388 seconds.
  path: Assets/ducktective project/prefabs/BulletEnemy 1.prefab
  artifactKey: Guid(e43c31815a9a18442a086d47ddd37976) Importer(815301076,1909f56bfc062723c751e8b465ee728b)
Start importing Assets/ducktective project/prefabs/BulletEnemy 1.prefab using Guid(e43c31815a9a18442a086d47ddd37976) Importer(815301076,1909f56bfc062723c751e8b465ee728b)  -> (artifact id: 'e6484e02568a48792842e6652b0c5840') in 0.012795 seconds
  Import took 0.015717 seconds .

========================================================================
Received Import Request.
  Time since last request: 0.013128 seconds.
  path: Assets/ducktective project/prefabs/BulletEnemy 1.prefab
  artifactKey: Guid(e43c31815a9a18442a086d47ddd37976) Importer(815301076,1909f56bfc062723c751e8b465ee728b)
Start importing Assets/ducktective project/prefabs/BulletEnemy 1.prefab using Guid(e43c31815a9a18442a086d47ddd37976) Importer(815301076,1909f56bfc062723c751e8b465ee728b)  -> (artifact id: 'e6484e02568a48792842e6652b0c5840') in 0.013642 seconds
  Import took 0.016676 seconds .

========================================================================
Received Prepare
Registering precompiled user dll's ...
Registered in 0.001138 seconds.
Begin MonoManager ReloadAssembly
Native extension for WindowsStandalone target not found
Refreshing native plugins compatible for Editor in 0.23 ms, found 0 plugins.
Preloading 0 native plugins for Editor in 0.00 ms.
Mono: successfully reloaded assembly
- Completed reload, in  0.960 seconds
Platform modules already initialized, skipping
Refreshing native plugins compatible for Editor in 0.27 ms, found 0 plugins.
Preloading 0 native plugins for Editor in 0.00 ms.
Unloading 1274 Unused Serialized files (Serialized files now loaded: 0)
System memory in use before: 79.5 MB.
System memory in use after: 79.6 MB.

Unloading 9 unused Assets to reduce memory usage. Loaded Objects now: 1880.
Total: 2.167900 ms (FindLiveObjects: 0.200200 ms CreateObjectMapping: 0.045200 ms MarkObjects: 1.795000 ms  DeleteObjects: 0.126100 ms)

========================================================================
Received Import Request.
  Time since last request: 324.537866 seconds.
  path: Assets/ducktective project/Scripts/Player/Bullet.cs
  artifactKey: Guid(25b17f9e1f0bbf8458709c0ab70dc63f) Importer(815301076,1909f56bfc062723c751e8b465ee728b)
Start importing Assets/ducktective project/Scripts/Player/Bullet.cs using Guid(25b17f9e1f0bbf8458709c0ab70dc63f) Importer(815301076,1909f56bfc062723c751e8b465ee728b)  -> (artifact id: '1a688b9d0a9453ce2ab1a885a84183b1') in 0.012241 seconds
  Import took 0.014996 seconds .

========================================================================
Received Import Request.
  Time since last request: 0.028249 seconds.
  path: Assets/ducktective project/Scripts/Player/Bullet.cs
  artifactKey: Guid(25b17f9e1f0bbf8458709c0ab70dc63f) Importer(815301076,1909f56bfc062723c751e8b465ee728b)
Start importing Assets/ducktective project/Scripts/Player/Bullet.cs using Guid(25b17f9e1f0bbf8458709c0ab70dc63f) Importer(815301076,1909f56bfc062723c751e8b465ee728b)  -> (artifact id: '1a688b9d0a9453ce2ab1a885a84183b1') in 0.003279 seconds
  Import took 0.006111 seconds .

========================================================================
Received Import Request.
  Time since last request: 2.989959 seconds.
  path: Assets/ducktective project/Scripts/Player/ControlPlayer.cs
  artifactKey: Guid(088e85879c06c6443836b023b80a3ded) Importer(815301076,1909f56bfc062723c751e8b465ee728b)
Start importing Assets/ducktective project/Scripts/Player/ControlPlayer.cs using Guid(088e85879c06c6443836b023b80a3ded) Importer(815301076,1909f56bfc062723c751e8b465ee728b)  -> (artifact id: '3427e124dc9aabfab860e828766dd816') in 0.007905 seconds
  Import took 0.011093 seconds .

========================================================================
Received Import Request.
  Time since last request: 3.066083 seconds.
  path: Assets/ducktective project/Scripts/Player/PlayerCamera.cs
  artifactKey: Guid(93bb6469e5f2b79458e9494e31585324) Importer(815301076,1909f56bfc062723c751e8b465ee728b)
Start importing Assets/ducktective project/Scripts/Player/PlayerCamera.cs using Guid(93bb6469e5f2b79458e9494e31585324) Importer(815301076,1909f56bfc062723c751e8b465ee728b)  -> (artifact id: 'f94fc3561dc1e93ca3e4b131371584aa') in 0.008133 seconds
  Import took 0.011398 seconds .

========================================================================
Received Import Request.
  Time since last request: 2.800950 seconds.
  path: Assets/ducktective project/Scripts/Player/PlayerMovement.cs
  artifactKey: Guid(d5253a1b4cf56e0478cba20203961452) Importer(815301076,1909f56bfc062723c751e8b465ee728b)
Start importing Assets/ducktective project/Scripts/Player/PlayerMovement.cs using Guid(d5253a1b4cf56e0478cba20203961452) Importer(815301076,1909f56bfc062723c751e8b465ee728b)  -> (artifact id: 'a6f1f5fea84ef726f945bb8654d22e5c') in 0.009434 seconds
  Import took 0.011953 seconds .

========================================================================
Received Prepare
Registering precompiled user dll's ...
Registered in 0.001108 seconds.
Begin MonoManager ReloadAssembly
Native extension for WindowsStandalone target not found
Refreshing native plugins compatible for Editor in 0.32 ms, found 0 plugins.
Preloading 0 native plugins for Editor in 0.00 ms.
Mono: successfully reloaded assembly
- Completed reload, in  0.910 seconds
Platform modules already initialized, skipping
Refreshing native plugins compatible for Editor in 0.75 ms, found 0 plugins.
Preloading 0 native plugins for Editor in 0.00 ms.
Unloading 1274 Unused Serialized files (Serialized files now loaded: 0)
System memory in use before: 79.5 MB.
System memory in use after: 79.6 MB.

Unloading 6 unused Assets to reduce memory usage. Loaded Objects now: 1883.
Total: 3.376400 ms (FindLiveObjects: 0.254600 ms CreateObjectMapping: 0.078900 ms MarkObjects: 2.929700 ms  DeleteObjects: 0.111300 ms)

